# JRE version: Java(TM) SE Runtime Environment (8.0_144-b01) (build 1.8.0_144-b01)
# Java VM: Java HotSpot(TM) 64-Bit Server VM (25.144-b01 mixed mode windows-amd64 compressed oops)
Heap:
 PSYoungGen      total 139776K, used 37428K [0x00000000d5f80000, 0x00000000e3880000, 0x0000000100000000)
  eden space 126976K, 25% used [0x00000000d5f80000,0x00000000d7fa0990,0x00000000ddb80000)
  from space 12800K, 35% used [0x00000000ddb80000,0x00000000ddfec730,0x00000000de800000)
  to   space 11776K, 0% used [0x00000000e2d00000,0x00000000e2d00000,0x00000000e3880000)
 ParOldGen       total 73216K, used 14407K [0x0000000081e00000, 0x0000000086580000, 0x00000000d5f80000)
  object space 73216K, 19% used [0x0000000081e00000,0x0000000082c11c20,0x0000000086580000)
 Metaspace       used 28402K, capacity 29476K, committed 29568K, reserved 1075200K
  class space    used 3711K, capacity 3956K, committed 3968K, reserved 1048576K
GC Heap History (10 events):
Event: 6.331 GC heap before
{Heap before GC invocations=6 (full 1):
 PSYoungGen      total 38400K, used 36728K [0x00000000d5f80000, 0x00000000da680000, 0x0000000100000000)
  eden space 33280K, 99% used [0x00000000d5f80000,0x00000000d7fe8e80,0x00000000d8000000)
  from space 5120K, 69% used [0x00000000d8500000,0x00000000d88751f0,0x00000000d8a00000)
  to   space 5120K, 0% used [0x00000000d8000000,0x00000000d8000000,0x00000000d8500000)
 ParOldGen       total 73216K, used 11039K [0x0000000081e00000, 0x0000000086580000, 0x00000000d5f80000)
  object space 73216K, 15% used [0x0000000081e00000,0x00000000828c7ee0,0x0000000086580000)
 Metaspace       used 25982K, capacity 27004K, committed 27136K, reserved 1073152K
  class space    used 3534K, capacity 3764K, committed 3840K, reserved 1048576K
Event: 6.334 GC heap after
Heap after GC invocations=6 (full 1):
 PSYoungGen      total 38400K, used 3439K [0x00000000d5f80000, 0x00000000db980000, 0x0000000100000000)
  eden space 33280K, 0% used [0x00000000d5f80000,0x00000000d5f80000,0x00000000d8000000)
  from space 5120K, 67% used [0x00000000d8000000,0x00000000d835be40,0x00000000d8500000)
  to   space 13824K, 0% used [0x00000000dac00000,0x00000000dac00000,0x00000000db980000)
 ParOldGen       total 73216K, used 11047K [0x0000000081e00000, 0x0000000086580000, 0x00000000d5f80000)
  object space 73216K, 15% used [0x0000000081e00000,0x00000000828c9ee0,0x0000000086580000)
 Metaspace       used 25982K, capacity 27004K, committed 27136K, reserved 1073152K
  class space    used 3534K, capacity 3764K, committed 3840K, reserved 1048576K
}
Event: 6.342 GC heap before
{Heap before GC invocations=7 (full 1):
 PSYoungGen      total 38400K, used 36670K [0x00000000d5f80000, 0x00000000db980000, 0x0000000100000000)
  eden space 33280K, 99% used [0x00000000d5f80000,0x00000000d7ff3a88,0x00000000d8000000)
  from space 5120K, 67% used [0x00000000d8000000,0x00000000d835be40,0x00000000d8500000)
  to   space 13824K, 0% used [0x00000000dac00000,0x00000000dac00000,0x00000000db980000)
 ParOldGen       total 73216K, used 11047K [0x0000000081e00000, 0x0000000086580000, 0x00000000d5f80000)
  object space 73216K, 15% used [0x0000000081e00000,0x00000000828c9ee0,0x0000000086580000)
 Metaspace       used 25982K, capacity 27004K, committed 27136K, reserved 1073152K
  class space    used 3534K, capacity 3764K, committed 3840K, reserved 1048576K
Event: 6.344 GC heap after
Heap after GC invocations=7 (full 1):
 PSYoungGen      total 78336K, used 3510K [0x00000000d5f80000, 0x00000000db900000, 0x0000000100000000)
  eden space 65024K, 0% used [0x00000000d5f80000,0x00000000d5f80000,0x00000000d9f00000)
  from space 13312K, 26% used [0x00000000dac00000,0x00000000daf6d900,0x00000000db900000)
  to   space 13312K, 0% used [0x00000000d9f00000,0x00000000d9f00000,0x00000000dac00000)
 ParOldGen       total 73216K, used 11055K [0x0000000081e00000, 0x0000000086580000, 0x00000000d5f80000)
  object space 73216K, 15% used [0x0000000081e00000,0x00000000828cbee0,0x0000000086580000)
 Metaspace       used 25982K, capacity 27004K, committed 27136K, reserved 1073152K
  class space    used 3534K, capacity 3764K, committed 3840K, reserved 1048576K
}
Event: 6.363 GC heap before
{Heap before GC invocations=8 (full 1):
 PSYoungGen      total 78336K, used 68424K [0x00000000d5f80000, 0x00000000db900000, 0x0000000100000000)
  eden space 65024K, 99% used [0x00000000d5f80000,0x00000000d9ee4780,0x00000000d9f00000)
  from space 13312K, 26% used [0x00000000dac00000,0x00000000daf6d900,0x00000000db900000)
  to   space 13312K, 0% used [0x00000000d9f00000,0x00000000d9f00000,0x00000000dac00000)
 ParOldGen       total 73216K, used 11055K [0x0000000081e00000, 0x0000000086580000, 0x00000000d5f80000)
  object space 73216K, 15% used [0x0000000081e00000,0x00000000828cbee0,0x0000000086580000)
 Metaspace       used 25982K, capacity 27004K, committed 27136K, reserved 1073152K
  class space    used 3534K, capacity 3764K, committed 3840K, reserved 1048576K
Event: 6.365 GC heap after
Heap after GC invocations=8 (full 1):
 PSYoungGen      total 78336K, used 3559K [0x00000000d5f80000, 0x00000000df480000, 0x0000000100000000)
  eden space 65024K, 0% used [0x00000000d5f80000,0x00000000d5f80000,0x00000000d9f00000)
  from space 13312K, 26% used [0x00000000d9f00000,0x00000000da279c40,0x00000000dac00000)
  to   space 12800K, 0% used [0x00000000de800000,0x00000000de800000,0x00000000df480000)
 ParOldGen       total 73216K, used 11055K [0x0000000081e00000, 0x0000000086580000, 0x00000000d5f80000)
  object space 73216K, 15% used [0x0000000081e00000,0x00000000828cbee0,0x0000000086580000)
 Metaspace       used 25982K, capacity 27004K, committed 27136K, reserved 1073152K
  class space    used 3534K, capacity 3764K, committed 3840K, reserved 1048576K
}
Event: 6.380 GC heap before
{Heap before GC invocations=9 (full 1):
 PSYoungGen      total 78336K, used 68521K [0x00000000d5f80000, 0x00000000df480000, 0x0000000100000000)
  eden space 65024K, 99% used [0x00000000d5f80000,0x00000000d9ef08a8,0x00000000d9f00000)
  from space 13312K, 26% used [0x00000000d9f00000,0x00000000da279c40,0x00000000dac00000)
  to   space 12800K, 0% used [0x00000000de800000,0x00000000de800000,0x00000000df480000)
 ParOldGen       total 73216K, used 11055K [0x0000000081e00000, 0x0000000086580000, 0x00000000d5f80000)
  object space 73216K, 15% used [0x0000000081e00000,0x00000000828cbee0,0x0000000086580000)
 Metaspace       used 25982K, capacity 27004K, committed 27136K, reserved 1073152K
  class space    used 3534K, capacity 3764K, committed 3840K, reserved 1048576K
Event: 6.382 GC heap after
Heap after GC invocations=9 (full 1):
 PSYoungGen      total 139776K, used 180K [0x00000000d5f80000, 0x00000000df500000, 0x0000000100000000)
  eden space 126976K, 0% used [0x00000000d5f80000,0x00000000d5f80000,0x00000000ddb80000)
  from space 12800K, 1% used [0x00000000de800000,0x00000000de82d2e0,0x00000000df480000)
  to   space 12800K, 0% used [0x00000000ddb80000,0x00000000ddb80000,0x00000000de800000)
 ParOldGen       total 73216K, used 14399K [0x0000000081e00000, 0x0000000086580000, 0x00000000d5f80000)
  object space 73216K, 19% used [0x0000000081e00000,0x0000000082c0fc20,0x0000000086580000)
 Metaspace       used 25982K, capacity 27004K, committed 27136K, reserved 1073152K
  class space    used 3534K, capacity 3764K, committed 3840K, reserved 1048576K
}
Event: 12.295 GC heap before
{Heap before GC invocations=10 (full 1):
 PSYoungGen      total 139776K, used 127156K [0x00000000d5f80000, 0x00000000df500000, 0x0000000100000000)
  eden space 126976K, 100% used [0x00000000d5f80000,0x00000000ddb80000,0x00000000ddb80000)
  from space 12800K, 1% used [0x00000000de800000,0x00000000de82d2e0,0x00000000df480000)
  to   space 12800K, 0% used [0x00000000ddb80000,0x00000000ddb80000,0x00000000de800000)
 ParOldGen       total 73216K, used 14399K [0x0000000081e00000, 0x0000000086580000, 0x00000000d5f80000)
  object space 73216K, 19% used [0x0000000081e00000,0x0000000082c0fc20,0x0000000086580000)
 Metaspace       used 28282K, capacity 29272K, committed 29568K, reserved 1075200K
  class space    used 3704K, capacity 3914K, committed 3968K, reserved 1048576K
Event: 12.300 GC heap after
Heap after GC invocations=10 (full 1):
 PSYoungGen      total 139776K, used 4529K [0x00000000d5f80000, 0x00000000e3880000, 0x0000000100000000)
  eden space 126976K, 0% used [0x00000000d5f80000,0x00000000d5f80000,0x00000000ddb80000)
  from space 12800K, 35% used [0x00000000ddb80000,0x00000000ddfec730,0x00000000de800000)
  to   space 11776K, 0% used [0x00000000e2d00000,0x00000000e2d00000,0x00000000e3880000)
 ParOldGen       total 73216K, used 14407K [0x0000000081e00000, 0x0000000086580000, 0x00000000d5f80000)
  object space 73216K, 19% used [0x0000000081e00000,0x0000000082c11c20,0x0000000086580000)
 Metaspace       used 28282K, capacity 29272K, committed 29568K, reserved 1075200K
  class space    used 3704K, capacity 3914K, committed 3968K, reserved 1048576K
}

